<?xml version="1.0" encoding="UTF-8"?>
<testng-results ignored="0" total="1" passed="1" failed="0" skipped="0">
  <reporter-output>
  </reporter-output>
  <suite started-at="2023-04-21T14:34:47 IST" name="Default suite" finished-at="2023-04-21T14:34:51 IST" duration-ms="4142">
    <groups>
    </groups>
    <test started-at="2023-04-21T14:34:47 IST" name="Default test" finished-at="2023-04-21T14:34:51 IST" duration-ms="4142">
      <class name="tests.JSONSchemaValidator">
        <test-method signature="testGet()[pri:0, instance:tests.JSONSchemaValidator@1677d1]" started-at="2023-04-21T14:34:47 IST" name="testGet" finished-at="2023-04-21T14:34:51 IST" duration-ms="4093" status="PASS">
          <reporter-output>
          </reporter-output>
        </test-method> <!-- testGet -->
      </class> <!-- tests.JSONSchemaValidator -->
    </test> <!-- Default test -->
  </suite> <!-- Default suite -->
</testng-results>
